\BOOKMARK [0][]{chapter*.1}{\376\377\000R\000\351\000s\000u\000m\000\351}{}% 1
\BOOKMARK [0][]{chapter.1}{\376\377\000I\000n\000t\000r\000o\000d\000u\000c\000t\000i\000o\000n\000\040\000:\000\040\000e\000n\000v\000i\000r\000o\000n\000n\000e\000m\000e\000n\000t\000\040\000d\000e\000\040\000t\000r\000a\000v\000a\000i\000l\000\040\000e\000t\000\040\000s\000t\000a\000g\000e}{}% 2
\BOOKMARK [1][]{section.1.1}{\376\377\000P\000r\000\351\000s\000e\000n\000t\000a\000t\000i\000o\000n\000\040\000d\000e\000\040\000l\040\031\000e\000n\000v\000i\000r\000o\000n\000n\000e\000m\000e\000n\000t}{chapter.1}% 3
\BOOKMARK [1][]{section.1.2}{\376\377\000S\000u\000j\000e\000t\000\040\000e\000t\000\040\000o\000b\000j\000e\000c\000t\000i\000f\000s\000\040\000d\000u\000\040\000s\000t\000a\000g\000e}{chapter.1}% 4
\BOOKMARK [1][]{section.1.3}{\376\377\000O\000u\000t\000i\000l\000s\000\040\000e\000t\000\040\000m\000o\000y\000e\000n\000s\000\040\000u\000t\000i\000l\000i\000s\000\351\000s}{chapter.1}% 5
\BOOKMARK [1][]{section.1.4}{\376\377\000A\000n\000n\000o\000n\000c\000e\000\040\000d\000u\000\040\000p\000l\000a\000n}{chapter.1}% 6
\BOOKMARK [0][]{chapter.2}{\376\377\000C\000o\000n\000t\000e\000x\000t\000e\000\040\000e\000t\000\040\000p\000r\000\351\000l\000i\000m\000i\000n\000a\000i\000r\000e\000s}{}% 7
\BOOKMARK [1][]{section.2.1}{\376\377\000E\000n\000v\000i\000r\000o\000n\000n\000e\000m\000e\000n\000t}{chapter.2}% 8
\BOOKMARK [2][]{subsection.2.1.1}{\376\377\000E\000n\000t\000r\000e\000p\000r\000i\000s\000e\000\040\000e\000t\000\040\000a\000c\000t\000i\000v\000i\000t\000\351}{section.2.1}% 9
\BOOKMARK [2][]{subsection.2.1.2}{\376\377\000O\000r\000g\000a\000n\000i\000s\000a\000t\000i\000o\000n\000\040\000e\000t\000\040\000c\000o\000n\000t\000r\000a\000i\000n\000t\000e\000s}{section.2.1}% 10
\BOOKMARK [1][]{section.2.2}{\376\377\000P\000r\000o\000b\000l\000\351\000m\000a\000t\000i\000q\000u\000e\000\040\000:\000\040\000c\000o\000n\000t\000e\000x\000t\000e\000\040\000e\000t\000\040\000o\000b\000j\000e\000c\000t\000i\000f\000s}{chapter.2}% 11
\BOOKMARK [1][]{section.2.3}{\376\377\000S\000p\000\351\000c\000i\000f\000i\000c\000a\000t\000i\000o\000n\000s\000\040\000d\000u\000\040\000s\000t\000a\000g\000e\000\040\000\050\000c\000a\000h\000i\000e\000r\000\040\000d\000e\000s\000\040\000c\000h\000a\000r\000g\000e\000s\000\051}{chapter.2}% 12
\BOOKMARK [2][]{subsection.2.3.1}{\376\377\000E\000x\000i\000g\000e\000n\000c\000e\000s\000\040\000f\000o\000n\000c\000t\000i\000o\000n\000n\000e\000l\000l\000e\000s}{section.2.3}% 13
\BOOKMARK [2][]{subsection.2.3.2}{\376\377\000E\000x\000i\000g\000e\000n\000c\000e\000s\000\040\000n\000o\000n\000-\000f\000o\000n\000c\000t\000i\000o\000n\000n\000e\000l\000l\000e\000s}{section.2.3}% 14
\BOOKMARK [1][]{section.2.4}{\376\377\000M\000\351\000t\000h\000o\000d\000o\000l\000o\000g\000i\000e\000\040\000e\000t\000\040\000o\000u\000t\000i\000l\000s\000\040\000m\000o\000b\000i\000l\000i\000s\000\351\000s}{chapter.2}% 15
\BOOKMARK [2][]{subsection.2.4.1}{\376\377\000A\000p\000p\000r\000o\000c\000h\000e\000\040\000d\000e\000\040\000r\000\351\000a\000l\000i\000s\000a\000t\000i\000o\000n}{section.2.4}% 16
\BOOKMARK [2][]{subsection.2.4.2}{\376\377\000M\000o\000n\000t\000\351\000e\000\040\000e\000n\000\040\000c\000o\000m\000p\000\351\000t\000e\000n\000c\000e\000s}{section.2.4}% 17
\BOOKMARK [2][]{subsection.2.4.3}{\376\377\000O\000u\000t\000i\000l\000s\000\040\000e\000t\000\040\000b\000r\000i\000q\000u\000e\000s\000\040\000t\000e\000c\000h\000n\000i\000q\000u\000e\000s\000\040\000d\000u\000\040\000p\000r\000o\000j\000e\000t}{section.2.4}% 18
\BOOKMARK [1][]{section.2.5}{\376\377\000C\000h\000o\000i\000x\000\040\000t\000e\000c\000h\000n\000o\000l\000o\000g\000i\000q\000u\000e\000s\000\040\000:\000\040\000j\000u\000s\000t\000i\000f\000i\000c\000a\000t\000i\000o\000n\000\040\000e\000t\000\040\000a\000l\000t\000e\000r\000n\000a\000t\000i\000v\000e\000s}{chapter.2}% 19
\BOOKMARK [2][]{subsection.2.5.1}{\376\377\000P\000o\000u\000r\000q\000u\000o\000i\000\040\000R\000e\000a\000c\000t\000\040\000e\000t\000\040\000N\000e\000x\000t\000.\000j\000s\000\040\000?}{section.2.5}% 20
\BOOKMARK [2][]{subsection.2.5.2}{\376\377\000P\000o\000u\000r\000q\000u\000o\000i\000\040\000P\000r\000i\000s\000m\000a\000\040\000e\000t\000\040\000P\000o\000s\000t\000g\000r\000e\000S\000Q\000L\000\040\000?}{section.2.5}% 21
\BOOKMARK [2][]{subsection.2.5.3}{\376\377\000C\000o\000m\000p\000a\000r\000a\000t\000i\000f\000\040\000:\000\040\000a\000u\000t\000r\000e\000s\000\040\000t\000e\000c\000h\000n\000o\000l\000o\000g\000i\000e\000s\000\040\000p\000o\000s\000s\000i\000b\000l\000e\000s\000\040\000\050\000f\000r\000o\000n\000t\000,\000\040\000b\000a\000c\000k\000,\000\040\000b\000a\000s\000e\000\040\000d\000e\000\040\000d\000o\000n\000n\000\351\000e\000s\000\051}{section.2.5}% 22
\BOOKMARK [1][]{section.2.6}{\376\377\000S\000c\000h\000\351\000m\000a\000s\000\040\000p\000\351\000d\000a\000g\000o\000g\000i\000q\000u\000e\000s\000\040\000:\000\040\000T\000y\000p\000e\000S\000c\000r\000i\000p\000t\000\040\000e\000t\000\040\000P\000r\000i\000s\000m\000a}{chapter.2}% 23
\BOOKMARK [2][]{subsection.2.6.1}{\376\377\000C\000o\000m\000p\000r\000e\000n\000d\000r\000e\000\040\000T\000y\000p\000e\000S\000c\000r\000i\000p\000t\000\040\000:\000\040\000t\000y\000p\000a\000g\000e\000\040\000s\000t\000a\000t\000i\000q\000u\000e\000\040\000e\000t\000\040\000c\000o\000m\000p\000i\000l\000a\000t\000i\000o\000n}{section.2.6}% 24
\BOOKMARK [2][]{subsection.2.6.2}{\376\377\000C\000o\000m\000p\000r\000e\000n\000d\000r\000e\000\040\000P\000r\000i\000s\000m\000a\000\040\000:\000\040\000s\000c\000h\000\351\000m\000a\000,\000\040\000m\000i\000g\000r\000a\000t\000i\000o\000n\000s\000\040\000e\000t\000\040\000c\000l\000i\000e\000n\000t}{section.2.6}% 25
\BOOKMARK [1][]{section.2.7}{\376\377\000A\000r\000c\000h\000i\000t\000e\000c\000t\000u\000r\000e\000\040\000l\000o\000g\000i\000c\000i\000e\000l\000l\000e\000\040\000\340\000\040\000\351\000t\000e\000n\000d\000r\000e}{chapter.2}% 26
\BOOKMARK [0][]{chapter.3}{\376\377\000S\000o\000l\000u\000t\000i\000o\000n\000\040\000i\000m\000p\000l\000\351\000m\000e\000n\000t\000\351\000e\000\040\000e\000t\000\040\000c\000o\000n\000t\000r\000i\000b\000u\000t\000i\000o\000n\000s}{}% 27
\BOOKMARK [1][]{section.3.1}{\376\377\000\311\000t\000u\000d\000e\000\040\000d\000e\000s\000\040\000s\000o\000l\000u\000t\000i\000o\000n\000s\000\040\000p\000o\000t\000e\000n\000t\000i\000e\000l\000l\000e\000s\000\040\000\050\000a\000v\000a\000n\000t\000\040\000c\000h\000o\000i\000x\000\040\000f\000i\000n\000a\000l\000\051}{chapter.3}% 28
\BOOKMARK [2][]{subsection.3.1.1}{\376\377\000O\000p\000t\000i\000o\000n\000\040\0001\000\040\000:\000\040\000s\000i\000t\000e\000\040\000v\000i\000t\000r\000i\000n\000e\000\040\000s\000t\000a\000t\000i\000q\000u\000e\000\040\000\050\000C\000M\000S\000\040\000o\000u\000\040\000g\000\351\000n\000\351\000r\000a\000t\000e\000u\000r\000\051}{section.3.1}% 29
\BOOKMARK [2][]{subsection.3.1.2}{\376\377\000O\000p\000t\000i\000o\000n\000\040\0002\000\040\000:\000\040\000a\000r\000c\000h\000i\000t\000e\000c\000t\000u\000r\000e\000\040\000s\000\351\000p\000a\000r\000\351\000e\000\040\000F\000r\000o\000n\000t\000\040\000+\000\040\000B\000a\000c\000k}{section.3.1}% 30
\BOOKMARK [2][]{subsection.3.1.3}{\376\377\000O\000p\000t\000i\000o\000n\000\040\000r\000e\000t\000e\000n\000u\000e\000\040\000:\000\040\000N\000e\000x\000t\000.\000j\000s\000\040\000f\000u\000l\000l\000-\000s\000t\000a\000c\000k\000\040\000+\000\040\000P\000r\000i\000s\000m\000a\000\040\000+\000\040\000P\000o\000s\000t\000g\000r\000e\000S\000Q\000L}{section.3.1}% 31
\BOOKMARK [1][]{section.3.2}{\376\377\000S\000o\000l\000u\000t\000i\000o\000n\000\040\000i\000m\000p\000l\000\351\000m\000e\000n\000t\000\351\000e\000\040\000:\000\040\000a\000r\000c\000h\000i\000t\000e\000c\000t\000u\000r\000e\000\040\000e\000t\000\040\000c\000o\000m\000p\000o\000s\000a\000n\000t\000s}{chapter.3}% 32
\BOOKMARK [2][]{subsection.3.2.1}{\376\377\000V\000u\000e\000\040\000d\040\031\000e\000n\000s\000e\000m\000b\000l\000e\000\040\000t\000e\000c\000h\000n\000i\000q\000u\000e}{section.3.2}% 33
\BOOKMARK [2][]{subsection.3.2.2}{\376\377\000S\000t\000r\000u\000c\000t\000u\000r\000e\000\040\000d\000u\000\040\000d\000\351\000p\000\364\000t\000\040\000e\000t\000\040\000c\000o\000n\000v\000e\000n\000t\000i\000o\000n\000s\000\040\000N\000e\000x\000t\000.\000j\000s}{section.3.2}% 34
\BOOKMARK [2][]{subsection.3.2.3}{\376\377\000R\000o\000u\000t\000a\000g\000e\000\040\000:\000\040\000p\000a\000g\000e\000s\000\040\000p\000u\000b\000l\000i\000q\000u\000e\000s\000,\000\040\000a\000d\000m\000i\000n\000i\000s\000t\000r\000a\000t\000i\000o\000n\000\040\000e\000t\000\040\000A\000P\000I}{section.3.2}% 35
\BOOKMARK [1][]{section.3.3}{\376\377\000B\000a\000s\000e\000\040\000d\000e\000\040\000d\000o\000n\000n\000\351\000e\000s\000\040\000:\000\040\000s\000c\000h\000\351\000m\000a\000,\000\040\000e\000n\000t\000i\000t\000\351\000s\000,\000\040\000r\000e\000l\000a\000t\000i\000o\000n\000s}{chapter.3}% 36
\BOOKMARK [2][]{subsection.3.3.1}{\376\377\000R\000\364\000l\000e\000\040\000d\000e\000\040\000P\000r\000i\000s\000m\000a\000\040\000\050\000O\000R\000M\000\051}{section.3.3}% 37
\BOOKMARK [2][]{subsection.3.3.2}{\376\377\000E\000R\000D\000\040\000\050\000d\000i\000a\000g\000r\000a\000m\000m\000e\000\040\000e\000n\000t\000i\000t\000\351\000-\000a\000s\000s\000o\000c\000i\000a\000t\000i\000o\000n\000\051}{section.3.3}% 38
\BOOKMARK [2][]{subsection.3.3.3}{\376\377\000M\000o\000d\000\350\000l\000e\000\040\000d\000e\000\040\000d\000o\000n\000n\000\351\000e\000s}{section.3.3}% 39
\BOOKMARK [1][]{section.3.4}{\376\377\000F\000o\000n\000c\000t\000i\000o\000n\000n\000a\000l\000i\000t\000\351\000s\000\040\000d\000u\000\040\000f\000r\000o\000n\000t\000\040\000p\000u\000b\000l\000i\000c}{chapter.3}% 40
\BOOKMARK [2][]{subsection.3.4.1}{\376\377\000P\000a\000g\000e\000\040\000d\040\031\000a\000c\000c\000u\000e\000i\000l\000\040\000e\000t\000\040\000i\000d\000e\000n\000t\000i\000t\000\351\000\040\000d\000e\000\040\000m\000a\000r\000q\000u\000e}{section.3.4}% 41
\BOOKMARK [2][]{subsection.3.4.2}{\376\377\000C\000a\000t\000a\000l\000o\000g\000u\000e\000\040\000\050\000b\000o\000u\000t\000i\000q\000u\000e\000\051\000\040\000:\000\040\000l\000o\000g\000i\000q\000u\000e\000\040\000d\000e\000\040\000l\000e\000c\000t\000u\000r\000e}{section.3.4}% 42
\BOOKMARK [2][]{subsection.3.4.3}{\376\377\000G\000a\000l\000e\000r\000i\000e\000\040\000:\000\040\000c\000o\000n\000s\000u\000l\000t\000a\000t\000i\000o\000n}{section.3.4}% 43
\BOOKMARK [2][]{subsection.3.4.4}{\376\377\000B\000l\000o\000g\000\040\000:\000\040\000c\000o\000n\000t\000e\000n\000u\000\040\000r\000i\000c\000h\000e\000\040\000e\000t\000\040\000S\000E\000O}{section.3.4}% 44
\BOOKMARK [1][]{section.3.5}{\376\377\000S\000y\000s\000t\000\350\000m\000e\000\040\000d\000e\000\040\000r\000\351\000s\000e\000r\000v\000a\000t\000i\000o\000n\000\040\000:\000\040\000c\000a\000l\000c\000u\000l\000\040\000d\000e\000\040\000c\000r\000\351\000n\000e\000a\000u\000x\000\040\000e\000t\000\040\000c\000r\000\351\000a\000t\000i\000o\000n\000\040\000d\040\031\000u\000n\000\040\000r\000e\000n\000d\000e\000z\000-\000v\000o\000u\000s}{chapter.3}% 45
\BOOKMARK [2][]{subsection.3.5.1}{\376\377\000P\000a\000r\000c\000o\000u\000r\000s\000\040\000u\000t\000i\000l\000i\000s\000a\000t\000e\000u\000r\000\040\000\050\0005\000\040\000\351\000t\000a\000p\000e\000s\000\051}{section.3.5}% 46
\BOOKMARK [2][]{subsection.3.5.2}{\376\377\000C\000a\000l\000c\000u\000l\000\040\000d\000e\000s\000\040\000c\000r\000\351\000n\000e\000a\000u\000x\000\040\000d\000i\000s\000p\000o\000n\000i\000b\000l\000e\000s\000\040\000\050\000A\000P\000I\000\051}{section.3.5}% 47
\BOOKMARK [2][]{subsection.3.5.3}{\376\377\000C\000r\000\351\000a\000t\000i\000o\000n\000\040\000d\040\031\000u\000n\000e\000\040\000d\000e\000m\000a\000n\000d\000e\000\040\000d\000e\000\040\000r\000e\000n\000d\000e\000z\000-\000v\000o\000u\000s}{section.3.5}% 48
\BOOKMARK [1][]{section.3.6}{\376\377\000F\000o\000r\000m\000u\000l\000a\000i\000r\000e\000\040\000d\000e\000\040\000c\000o\000n\000t\000a\000c\000t\000\040\000:\000\040\000v\000a\000l\000i\000d\000a\000t\000i\000o\000n\000\040\000e\000t\000\040\000s\000t\000o\000c\000k\000a\000g\000e}{chapter.3}% 49
\BOOKMARK [2][]{subsection.3.6.1}{\376\377\000A\000P\000I\000\040\000d\000e\000\040\000c\000o\000n\000t\000a\000c\000t}{section.3.6}% 50
\BOOKMARK [1][]{section.3.7}{\376\377\000C\000o\000m\000m\000u\000n\000i\000c\000a\000t\000i\000o\000n\000\040\000e\000n\000t\000r\000e\000\040\000l\040\031\000i\000n\000t\000e\000r\000f\000a\000c\000e\000\040\000R\000e\000a\000c\000t\000\040\000e\000t\000\040\000l\040\031\000A\000P\000I}{chapter.3}% 51
\BOOKMARK [2][]{subsection.3.7.1}{\376\377\000V\000a\000l\000i\000d\000a\000t\000i\000o\000n\000\040\000d\000e\000s\000\040\000f\000o\000r\000m\000u\000l\000a\000i\000r\000e\000s\000\040\000a\000v\000e\000c\000\040\000Z\000o\000d}{section.3.7}% 52
\BOOKMARK [2][]{subsection.3.7.2}{\376\377\000\311\000d\000i\000t\000e\000u\000r\000\040\000d\000e\000\040\000c\000o\000n\000t\000e\000n\000u\000\040\000r\000i\000c\000h\000e\000\040\000\050\000T\000i\000p\000T\000a\000p\000\051\000\040\000p\000o\000u\000r\000\040\000l\000e\000\040\000b\000l\000o\000g}{section.3.7}% 53
\BOOKMARK [2][]{subsection.3.7.3}{\376\377\000G\000l\000i\000s\000s\000e\000r\000-\000d\000\351\000p\000o\000s\000e\000r\000\040\000\050\000@\000d\000n\000d\000-\000k\000i\000t\000\051\000\040\000p\000o\000u\000r\000\040\000r\000\351\000o\000r\000d\000o\000n\000n\000e\000r}{section.3.7}% 54
\BOOKMARK [1][]{section.3.8}{\376\377\000A\000d\000m\000i\000n\000i\000s\000t\000r\000a\000t\000i\000o\000n\000\040\000:\000\040\000g\000e\000s\000t\000i\000o\000n\000\040\000C\000R\000U\000D\000,\000\040\000t\000r\000i\000,\000\040\000s\000t\000a\000t\000u\000t\000s}{chapter.3}% 55
\BOOKMARK [2][]{subsection.3.8.1}{\376\377\000N\000a\000v\000i\000g\000a\000t\000i\000o\000n\000\040\000e\000t\000\040\000o\000r\000g\000a\000n\000i\000s\000a\000t\000i\000o\000n}{section.3.8}% 56
\BOOKMARK [2][]{subsection.3.8.2}{\376\377\000P\000r\000o\000d\000u\000i\000t\000s\000\040\000e\000t\000\040\000c\000a\000t\000\351\000g\000o\000r\000i\000e\000s}{section.3.8}% 57
\BOOKMARK [2][]{subsection.3.8.3}{\376\377\000G\000a\000l\000e\000r\000i\000e\000\040\000e\000t\000\040\000b\000a\000n\000n\000i\000\350\000r\000e\000\040\000:\000\040\000r\000\351\000o\000r\000g\000a\000n\000i\000s\000a\000t\000i\000o\000n\000\040\000v\000i\000a\000\040\000d\000r\000a\000g\000\040\000\046\000\040\000d\000r\000o\000p}{section.3.8}% 58
\BOOKMARK [2][]{subsection.3.8.4}{\376\377\000R\000e\000n\000d\000e\000z\000-\000v\000o\000u\000s\000\040\000:\000\040\000s\000t\000a\000t\000u\000t\000s\000\040\000e\000t\000\040\000\351\000d\000i\000t\000i\000o\000n}{section.3.8}% 59
\BOOKMARK [2][]{subsection.3.8.5}{\376\377\000M\000e\000s\000s\000a\000g\000e\000s\000\040\000:\000\040\000i\000n\000b\000o\000x\000\040\000e\000t\000\040\000a\000r\000c\000h\000i\000v\000e\000s}{section.3.8}% 60
\BOOKMARK [2][]{subsection.3.8.6}{\376\377\000A\000u\000t\000o\000n\000o\000m\000i\000e\000\040\000d\000e\000\040\000g\000e\000s\000t\000i\000o\000n\000\040\000p\000o\000u\000r\000\040\000l\040\031\000e\000n\000t\000r\000e\000p\000r\000i\000s\000e}{section.3.8}% 61
\BOOKMARK [1][]{section.3.9}{\376\377\000G\000e\000s\000t\000i\000o\000n\000\040\000d\000e\000s\000\040\000i\000m\000a\000g\000e\000s\000\040\000:\000\040\000u\000p\000l\000o\000a\000d\000\040\000C\000l\000o\000u\000d\000i\000n\000a\000r\000y}{chapter.3}% 62
\BOOKMARK [2][]{subsection.3.9.1}{\376\377\000R\000a\000i\000s\000o\000n\000\040\000d\040\031\000\352\000t\000r\000e}{section.3.9}% 63
\BOOKMARK [2][]{subsection.3.9.2}{\376\377\000E\000n\000d\000p\000o\000i\000n\000t\000\040\000d\040\031\000u\000p\000l\000o\000a\000d}{section.3.9}% 64
\BOOKMARK [1][]{section.3.10}{\376\377\000S\000\351\000c\000u\000r\000i\000t\000\351\000\040\000:\000\040\000p\000r\000o\000t\000e\000c\000t\000i\000o\000n\000\040\000d\000e\000\040\000l\040\031\000a\000d\000m\000i\000n\000i\000s\000t\000r\000a\000t\000i\000o\000n\000\040\000e\000t\000\040\000e\000n\000-\000t\000\352\000t\000e\000s\000\040\000H\000T\000T\000P}{chapter.3}% 65
\BOOKMARK [2][]{subsection.3.10.1}{\376\377\000P\000r\000o\000t\000e\000c\000t\000i\000o\000n\000\040\000B\000a\000s\000i\000c\000\040\000A\000u\000t\000h\000\040\000e\000t\000\040\000e\000n\000-\000t\000\352\000t\000e\000s\000\040\000d\000e\000\040\000s\000\351\000c\000u\000r\000i\000t\000\351}{section.3.10}% 66
\BOOKMARK [1][]{section.3.11}{\376\377\000D\000\351\000p\000l\000o\000i\000e\000m\000e\000n\000t\000\040\000:\000\040\000V\000e\000r\000c\000e\000l\000\040\000+\000\040\000N\000e\000o\000n\000\040\000+\000\040\000d\000o\000m\000a\000i\000n\000e}{chapter.3}% 67
\BOOKMARK [0][]{chapter.4}{\376\377\000C\000o\000n\000c\000l\000u\000s\000i\000o\000n\000\040\000e\000t\000\040\000p\000e\000r\000s\000p\000e\000c\000t\000i\000v\000e\000s}{}% 68
\BOOKMARK [1][]{section.4.1}{\376\377\000C\000o\000n\000c\000l\000u\000s\000i\000o\000n}{chapter.4}% 69
\BOOKMARK [1][]{section.4.2}{\376\377\000D\000i\000f\000f\000i\000c\000u\000l\000t\000\351\000s\000\040\000e\000t\000\040\000l\000e\000\347\000o\000n\000s\000\040\000a\000p\000p\000r\000i\000s\000e\000s}{chapter.4}% 70
\BOOKMARK [2][]{subsection.4.2.1}{\376\377\000D\000i\000f\000f\000i\000c\000u\000l\000t\000\351\000\040\000p\000r\000i\000n\000c\000i\000p\000a\000l\000e\000\040\000:\000\040\000a\000p\000p\000r\000e\000n\000d\000r\000e\000\040\000R\000e\000a\000c\000t\000/\000N\000e\000x\000t\000.\000j\000s\000\040\000e\000t\000\040\000P\000r\000i\000s\000m\000a\000\040\000e\000n\000\040\000s\000i\000t\000u\000a\000t\000i\000o\000n\000\040\000r\000\351\000e\000l\000l\000e}{section.4.2}% 71
\BOOKMARK [2][]{subsection.4.2.2}{\376\377\000L\000e\000\347\000o\000n\000s\000\040\000a\000p\000p\000r\000i\000s\000e\000s}{section.4.2}% 72
\BOOKMARK [1][]{section.4.3}{\376\377\000P\000e\000r\000s\000p\000e\000c\000t\000i\000v\000e\000s\000\040\000e\000t\000\040\000\351\000v\000o\000l\000u\000t\000i\000o\000n\000s\000\040\000p\000o\000s\000s\000i\000b\000l\000e\000s}{chapter.4}% 73
\BOOKMARK [1][]{section.4.4}{\376\377\000A\000p\000p\000o\000r\000t\000s\000\040\000p\000o\000u\000r\000\040\000l\040\031\000\351\000t\000a\000b\000l\000i\000s\000s\000e\000m\000e\000n\000t}{chapter.4}% 74
\BOOKMARK [0][]{section*.10}{\376\377\000B\000i\000b\000l\000i\000o\000g\000r\000a\000p\000h\000i\000e}{}% 75
\BOOKMARK [0][]{chapter*.12}{\376\377\000G\000l\000o\000s\000s\000a\000i\000r\000e}{}% 76
\BOOKMARK [0][]{appendix.a.A}{\376\377\000D\000D\000\046\000R\000S\000\040\040\024\000\040\000D\000\351\000v\000e\000l\000o\000p\000p\000e\000m\000e\000n\000t\000\040\000d\000u\000r\000a\000b\000l\000e\000\040\000e\000t\000\040\000r\000e\000s\000p\000o\000n\000s\000a\000b\000i\000l\000i\000t\000\351\000\040\000s\000o\000c\000i\000a\000l\000e}{}% 77
\BOOKMARK [1][]{section.a.A.1}{\376\377\000I\000m\000p\000a\000c\000t\000s\000\040\000e\000n\000v\000i\000r\000o\000n\000n\000e\000m\000e\000n\000t\000a\000u\000x\000\040\000e\000t\000\040\000s\000o\000c\000i\000\351\000t\000a\000u\000x\000\040\000\050\000D\000D\000\046\000R\000S\000\051}{appendix.a.A}% 78
\BOOKMARK [2][]{subsection.a.A.1.1}{\376\377\000I\000m\000p\000a\000c\000t\000s\000\040\000l\000i\000\351\000s\000\040\000\340\000\040\000l\040\031\000a\000c\000t\000i\000v\000i\000t\000\351\000\040\000d\000e\000\040\000l\040\031\000e\000n\000t\000r\000e\000p\000r\000i\000s\000e}{section.a.A.1}% 79
\BOOKMARK [2][]{subsection.a.A.1.2}{\376\377\000I\000m\000p\000a\000c\000t\000s\000\040\000l\000i\000\351\000s\000\040\000a\000u\000\040\000n\000u\000m\000\351\000r\000i\000q\000u\000e\000\040\000\050\000p\000l\000a\000t\000e\000f\000o\000r\000m\000e\000\040\000w\000e\000b\000\051}{section.a.A.1}% 80
\BOOKMARK [2][]{subsection.a.A.1.3}{\376\377\000I\000m\000p\000a\000c\000t\000s\000\040\000l\000i\000\351\000s\000\040\000\340\000\040\000l\040\031\000\351\000q\000u\000i\000p\000e\000\040\000/\000\040\000a\000u\000\040\000c\000o\000n\000t\000e\000x\000t\000e\000\040\000d\000e\000\040\000t\000r\000a\000v\000a\000i\000l}{section.a.A.1}% 81
\BOOKMARK [1][]{section.a.A.2}{\376\377\000A\000c\000t\000i\000o\000n\000s\000\040\000d\000e\000\040\000r\000\351\000d\000u\000c\000t\000i\000o\000n\000\040\000d\000e\000s\000\040\000i\000m\000p\000a\000c\000t\000s}{appendix.a.A}% 82
\BOOKMARK [2][]{subsection.a.A.2.1}{\376\377\000A\000c\000t\000i\000o\000n\000s\000\040\000m\000i\000s\000e\000s\000\040\000e\000n\000\040\001\123\000u\000v\000r\000e}{section.a.A.2}% 83
\BOOKMARK [2][]{subsection.a.A.2.2}{\376\377\000S\000u\000p\000p\000r\000e\000s\000s\000i\000o\000n\000\040\000d\000e\000s\000\040\000i\000m\000a\000g\000e\000s\000\040\000c\000\364\000t\000\351\000\040\000C\000l\000o\000u\000d\000i\000n\000a\000r\000y}{section.a.A.2}% 84
\BOOKMARK [0][]{appendix.a.B}{\376\377\000S\000t\000r\000u\000c\000t\000u\000r\000e\000\040\000d\000e\000\040\000l\040\031\000e\000n\000t\000r\000e\000p\000r\000i\000s\000e}{}% 85
\BOOKMARK [1][]{section.a.B.1}{\376\377\000O\000r\000g\000a\000n\000i\000s\000a\000t\000i\000o\000n\000\040\000g\000\351\000n\000\351\000r\000a\000l\000e}{appendix.a.B}% 86
\BOOKMARK [1][]{section.a.B.2}{\376\377\000O\000r\000g\000a\000n\000i\000g\000r\000a\000m\000m\000e\000\040\000s\000i\000m\000p\000l\000i\000f\000i\000\351}{appendix.a.B}% 87
\BOOKMARK [1][]{section.a.B.3}{\376\377\000C\000o\000n\000s\000\351\000q\000u\000e\000n\000c\000e\000s\000\040\000s\000u\000r\000\040\000l\000e\000\040\000p\000r\000o\000d\000u\000i\000t}{appendix.a.B}% 88
\BOOKMARK [0][]{appendix.a.C}{\376\377\000D\000\351\000t\000a\000i\000l\000s\000\040\000t\000e\000c\000h\000n\000i\000q\000u\000e\000s}{}% 89
\BOOKMARK [1][]{section.a.C.1}{\376\377\000V\000e\000r\000s\000i\000o\000n\000n\000e\000m\000e\000n\000t\000\040\000e\000t\000\040\000s\000t\000a\000c\000k\000\040\000o\000b\000s\000e\000r\000v\000\351\000e}{appendix.a.C}% 90
\BOOKMARK [1][]{section.a.C.2}{\376\377\000V\000a\000r\000i\000a\000b\000l\000e\000s\000\040\000d\040\031\000e\000n\000v\000i\000r\000o\000n\000n\000e\000m\000e\000n\000t}{appendix.a.C}% 91
\BOOKMARK [1][]{section.a.C.3}{\376\377\000S\000t\000r\000u\000c\000t\000u\000r\000e\000\040\000d\000e\000s\000\040\000d\000o\000s\000s\000i\000e\000r\000s\000\040\000N\000e\000x\000t\000.\000j\000s\000\040\000\050\000p\000u\000b\000l\000i\000c\000,\000\040\000a\000d\000m\000i\000n\000,\000\040\000A\000P\000I\000\051}{appendix.a.C}% 92
\BOOKMARK [1][]{section.a.C.4}{\376\377\000I\000n\000v\000e\000n\000t\000a\000i\000r\000e\000\040\000d\000e\000s\000\040\000p\000r\000i\000n\000c\000i\000p\000a\000l\000e\000s\000\040\000r\000o\000u\000t\000e\000s\000\040\000A\000P\000I}{appendix.a.C}% 93
\BOOKMARK [1][]{section.a.C.5}{\376\377\000A\000c\000c\000\350\000s\000\040\000b\000a\000s\000e\000\040\000d\000e\000\040\000d\000o\000n\000n\000\351\000e\000s\000\040\000\050\000P\000r\000i\000s\000m\000a\000\040\000C\000l\000i\000e\000n\000t\000\051}{appendix.a.C}% 94
\BOOKMARK [1][]{section.a.C.6}{\376\377\000C\000o\000n\000f\000i\000g\000u\000r\000a\000t\000i\000o\000n\000\040\000C\000l\000o\000u\000d\000i\000n\000a\000r\000y}{appendix.a.C}% 95
\BOOKMARK [1][]{section.a.C.7}{\376\377\000O\000p\000t\000i\000m\000i\000s\000a\000t\000i\000o\000n\000\040\000d\000e\000s\000\040\000i\000m\000a\000g\000e\000s\000\040\000c\000\364\000t\000\351\000\040\000N\000e\000x\000t\000.\000j\000s}{appendix.a.C}% 96
\BOOKMARK [1][]{section.a.C.8}{\376\377\000D\000\351\000p\000\364\000t\000\040\000G\000i\000t\000H\000u\000b\000\040\000\050\000l\000i\000e\000n\000\040\000d\000u\000\040\000c\000o\000d\000e\000\051}{appendix.a.C}% 97
